2021-06-19_08-04-46 [restartedMain] INFO  c.c.p.d.PensionerDetailMicroserviceApplication - Starting PensionerDetailMicroserviceApplication using Java 1.8.0_191 on DESKTOP-O8QRH3N with PID 14252 (C:\Users\Parthik\git\Pension-Management-System\PensionerDetail-Microservice\target\classes started by Parthik in C:\Users\Parthik\git\Pension-Management-System\PensionerDetail-Microservice)
2021-06-19_08-04-46 [restartedMain] INFO  c.c.p.d.PensionerDetailMicroserviceApplication - No active profile set, falling back to default profiles: default
2021-06-19_08-04-46 [restartedMain] INFO  o.s.b.d.e.DevToolsPropertyDefaultsPostProcessor - Devtools property defaults active! Set 'spring.devtools.add-properties' to 'false' to disable
2021-06-19_08-04-46 [restartedMain] INFO  o.s.b.d.e.DevToolsPropertyDefaultsPostProcessor - For additional web related logging consider setting the 'logging.level.web' property to 'DEBUG'
2021-06-19_08-04-46 [restartedMain] INFO  o.s.d.r.c.RepositoryConfigurationDelegate - Bootstrapping Spring Data JPA repositories in DEFAULT mode.
2021-06-19_08-04-46 [restartedMain] INFO  o.s.d.r.c.RepositoryConfigurationDelegate - Finished Spring Data repository scanning in 62 ms. Found 1 JPA repository interfaces.
2021-06-19_08-04-46 [restartedMain] INFO  o.s.cloud.context.scope.GenericScope - BeanFactory id=eb3d44ed-e0c6-3840-ad7c-433da6d914d6
2021-06-19_08-04-46 [restartedMain] INFO  o.s.c.s.PostProcessorRegistrationDelegate$BeanPostProcessorChecker - Bean 'com.cts.pensioner.detail.feignclient.AuthorisingClient' of type [org.springframework.cloud.openfeign.FeignClientFactoryBean] is not eligible for getting processed by all BeanPostProcessors (for example: not eligible for auto-proxying)
2021-06-19_08-04-46 [restartedMain] INFO  o.s.b.w.e.tomcat.TomcatWebServer - Tomcat initialized with port(s): 8200 (http)
2021-06-19_08-04-46 [restartedMain] INFO  o.a.coyote.http11.Http11NioProtocol - Initializing ProtocolHandler ["http-nio-8200"]
2021-06-19_08-04-46 [restartedMain] INFO  o.a.catalina.core.StandardService - Starting service [Tomcat]
2021-06-19_08-04-46 [restartedMain] INFO  o.a.catalina.core.StandardEngine - Starting Servlet engine: [Apache Tomcat/9.0.41]
2021-06-19_08-04-46 [restartedMain] INFO  o.a.c.c.C.[.[localhost].[/pensioner] - Initializing Spring embedded WebApplicationContext
2021-06-19_08-04-46 [restartedMain] INFO  o.s.b.w.s.c.ServletWebServerApplicationContext - Root WebApplicationContext: initialization completed in 2722 ms
2021-06-19_08-04-46 [restartedMain] INFO  com.zaxxer.hikari.HikariDataSource - HikariPool-1 - Starting...
2021-06-19_08-04-46 [restartedMain] INFO  com.zaxxer.hikari.HikariDataSource - HikariPool-1 - Start completed.
2021-06-19_08-04-46 [restartedMain] INFO  o.s.b.a.h.H2ConsoleAutoConfiguration - H2 console available at '/db'. Database available at 'jdbc:h2:mem:ipms_db'
2021-06-19_08-04-46 [restartedMain] INFO  o.s.o.j.LocalContainerEntityManagerFactoryBean - Initialized JPA EntityManagerFactory for persistence unit 'default'
2021-06-19_08-04-46 [restartedMain] INFO  o.s.s.c.ThreadPoolTaskExecutor - Initializing ExecutorService 'applicationTaskExecutor'
2021-06-19_08-04-46 [restartedMain] INFO  o.s.cloud.commons.util.InetUtils - Cannot determine local hostname
2021-06-19_08-04-46 [restartedMain] INFO  o.s.b.a.e.web.EndpointLinksResolver - Exposing 2 endpoint(s) beneath base path '/actuator'
2021-06-19_08-04-46 [restartedMain] INFO  o.a.coyote.http11.Http11NioProtocol - Starting ProtocolHandler ["http-nio-8200"]
2021-06-19_08-04-46 [restartedMain] INFO  o.s.b.w.e.tomcat.TomcatWebServer - Tomcat started on port(s): 8200 (http) with context path '/pensioner'
2021-06-19_08-04-46 [restartedMain] INFO  o.s.cloud.commons.util.InetUtils - Cannot determine local hostname
2021-06-19_08-04-46 [restartedMain] INFO  c.c.p.d.PensionerDetailMicroserviceApplication - Started PensionerDetailMicroserviceApplication in 12.01 seconds (JVM running for 14.705)
2021-06-19_08-04-46 [http-nio-8200-exec-1] INFO  o.a.c.c.C.[.[localhost].[/pensioner] - Initializing Spring DispatcherServlet 'dispatcherServlet'
2021-06-19_08-04-46 [http-nio-8200-exec-1] INFO  o.s.web.servlet.DispatcherServlet - Initializing Servlet 'dispatcherServlet'
2021-06-19_08-04-46 [http-nio-8200-exec-1] INFO  o.s.web.servlet.DispatcherServlet - Completed initialization in 3 ms
