2021-06-17_11-16-00 [restartedMain] INFO  c.c.p.p.ProcessPensionMicroserviceApplication - Starting ProcessPensionMicroserviceApplication using Java 1.8.0_191 on DESKTOP-O8QRH3N with PID 12016 (C:\Users\Parthik\eclipse-restapi-angular\ProcessPension-Microservice\target\classes started by Parthik in C:\Users\Parthik\eclipse-restapi-angular\ProcessPension-Microservice)
2021-06-17_11-16-00 [restartedMain] INFO  c.c.p.p.ProcessPensionMicroserviceApplication - No active profile set, falling back to default profiles: default
2021-06-17_11-16-00 [restartedMain] INFO  o.s.cloud.context.scope.GenericScope - BeanFactory id=fd983dae-fd21-35c9-b25b-52b2bb0a3860
2021-06-17_11-16-00 [restartedMain] INFO  o.s.c.s.PostProcessorRegistrationDelegate$BeanPostProcessorChecker - Bean 'com.cts.pension.process.feignclient.AuthorisingClient' of type [org.springframework.cloud.openfeign.FeignClientFactoryBean] is not eligible for getting processed by all BeanPostProcessors (for example: not eligible for auto-proxying)
2021-06-17_11-16-00 [restartedMain] INFO  o.s.c.s.PostProcessorRegistrationDelegate$BeanPostProcessorChecker - Bean 'com.cts.pension.process.feignclient.PensionDisbursementFeignClient' of type [org.springframework.cloud.openfeign.FeignClientFactoryBean] is not eligible for getting processed by all BeanPostProcessors (for example: not eligible for auto-proxying)
2021-06-17_11-16-00 [restartedMain] INFO  o.s.c.s.PostProcessorRegistrationDelegate$BeanPostProcessorChecker - Bean 'com.cts.pension.process.feignclient.PensionerDetailFeignClient' of type [org.springframework.cloud.openfeign.FeignClientFactoryBean] is not eligible for getting processed by all BeanPostProcessors (for example: not eligible for auto-proxying)
2021-06-17_11-16-00 [restartedMain] INFO  o.s.b.w.e.tomcat.TomcatWebServer - Tomcat initialized with port(s): 8100 (http)
2021-06-17_11-16-00 [restartedMain] INFO  o.a.catalina.core.StandardService - Starting service [Tomcat]
2021-06-17_11-16-00 [restartedMain] INFO  o.a.catalina.core.StandardEngine - Starting Servlet engine: [Apache Tomcat/9.0.41]
2021-06-17_11-16-00 [restartedMain] INFO  o.a.c.c.C.[Tomcat-4].[localhost].[/] - Initializing Spring embedded WebApplicationContext
2021-06-17_11-16-00 [restartedMain] INFO  o.s.b.w.s.c.ServletWebServerApplicationContext - Root WebApplicationContext: initialization completed in 1525 ms
2021-06-17_11-16-00 [restartedMain] INFO  o.s.s.c.ThreadPoolTaskExecutor - Initializing ExecutorService 'applicationTaskExecutor'
2021-06-17_11-16-00 [restartedMain] INFO  o.s.cloud.commons.util.InetUtils - Cannot determine local hostname
2021-06-17_11-16-00 [restartedMain] INFO  o.s.b.a.e.web.EndpointLinksResolver - Exposing 2 endpoint(s) beneath base path '/actuator'
2021-06-17_11-16-00 [restartedMain] INFO  o.s.b.w.e.tomcat.TomcatWebServer - Tomcat started on port(s): 8100 (http) with context path ''
2021-06-17_11-16-00 [restartedMain] INFO  o.s.cloud.commons.util.InetUtils - Cannot determine local hostname
2021-06-17_11-16-00 [restartedMain] INFO  c.c.p.p.ProcessPensionMicroserviceApplication - Started ProcessPensionMicroserviceApplication in 8.625 seconds (JVM running for 3343.377)
2021-06-17_11-16-00 [restartedMain] INFO  o.s.b.d.a.ConditionEvaluationDeltaLoggingListener - Condition evaluation unchanged
2021-06-17_11-16-00 [RMI TCP Connection(65)-127.0.0.1] INFO  o.a.c.c.C.[Tomcat-4].[localhost].[/] - Initializing Spring DispatcherServlet 'dispatcherServlet'
2021-06-17_11-16-00 [RMI TCP Connection(65)-127.0.0.1] INFO  o.s.web.servlet.DispatcherServlet - Initializing Servlet 'dispatcherServlet'
2021-06-17_11-16-00 [RMI TCP Connection(65)-127.0.0.1] INFO  o.s.web.servlet.DispatcherServlet - Completed initialization in 2 ms
2021-06-17_21-08-36 [main] INFO  o.s.b.t.c.SpringBootTestContextBootstrapper - Neither @ContextConfiguration nor @ContextHierarchy found for test class [com.cts.pension.process.ProcessPensionMicroserviceApplicationTests], using SpringBootContextLoader
2021-06-17_21-08-36 [main] INFO  o.s.t.c.s.AbstractContextLoader - Could not detect default resource locations for test class [com.cts.pension.process.ProcessPensionMicroserviceApplicationTests]: no resource found for suffixes {-context.xml, Context.groovy}.
2021-06-17_21-08-36 [main] INFO  o.s.t.c.s.AnnotationConfigContextLoaderUtils - Could not detect default configuration classes for test class [com.cts.pension.process.ProcessPensionMicroserviceApplicationTests]: ProcessPensionMicroserviceApplicationTests does not declare any static, non-private, non-final, nested classes annotated with @Configuration.
2021-06-17_21-08-36 [main] INFO  o.s.b.t.c.SpringBootTestContextBootstrapper - Found @SpringBootConfiguration com.cts.pension.process.ProcessPensionMicroserviceApplication for test class com.cts.pension.process.ProcessPensionMicroserviceApplicationTests
2021-06-17_21-08-36 [main] INFO  o.s.b.t.c.SpringBootTestContextBootstrapper - Loaded default TestExecutionListener class names from location [META-INF/spring.factories]: [org.springframework.boot.test.mock.mockito.MockitoTestExecutionListener, org.springframework.boot.test.mock.mockito.ResetMocksTestExecutionListener, org.springframework.boot.test.autoconfigure.restdocs.RestDocsTestExecutionListener, org.springframework.boot.test.autoconfigure.web.client.MockRestServiceServerResetTestExecutionListener, org.springframework.boot.test.autoconfigure.web.servlet.MockMvcPrintOnlyOnFailureTestExecutionListener, org.springframework.boot.test.autoconfigure.web.servlet.WebDriverTestExecutionListener, org.springframework.boot.test.autoconfigure.webservices.client.MockWebServiceServerTestExecutionListener, org.springframework.test.context.web.ServletTestExecutionListener, org.springframework.test.context.support.DirtiesContextBeforeModesTestExecutionListener, org.springframework.test.context.event.ApplicationEventsTestExecutionListener, org.springframework.test.context.support.DependencyInjectionTestExecutionListener, org.springframework.test.context.support.DirtiesContextTestExecutionListener, org.springframework.test.context.transaction.TransactionalTestExecutionListener, org.springframework.test.context.jdbc.SqlScriptsTestExecutionListener, org.springframework.test.context.event.EventPublishingTestExecutionListener]
2021-06-17_21-08-36 [main] INFO  o.s.b.t.c.SpringBootTestContextBootstrapper - Using TestExecutionListeners: [org.springframework.test.context.web.ServletTestExecutionListener@23941fb4, org.springframework.test.context.support.DirtiesContextBeforeModesTestExecutionListener@7486b455, org.springframework.test.context.event.ApplicationEventsTestExecutionListener@660acfb, org.springframework.boot.test.mock.mockito.MockitoTestExecutionListener@5d908d47, org.springframework.boot.test.autoconfigure.SpringBootDependencyInjectionTestExecutionListener@5efa40fe, org.springframework.test.context.support.DirtiesContextTestExecutionListener@1f9f6368, org.springframework.test.context.event.EventPublishingTestExecutionListener@1c9b0314, org.springframework.boot.test.mock.mockito.ResetMocksTestExecutionListener@45385f75, org.springframework.boot.test.autoconfigure.restdocs.RestDocsTestExecutionListener@49c90a9c, org.springframework.boot.test.autoconfigure.web.client.MockRestServiceServerResetTestExecutionListener@2d29b4ee, org.springframework.boot.test.autoconfigure.web.servlet.MockMvcPrintOnlyOnFailureTestExecutionListener@69ee81fc, org.springframework.boot.test.autoconfigure.web.servlet.WebDriverTestExecutionListener@6e2aa843, org.springframework.boot.test.autoconfigure.webservices.client.MockWebServiceServerTestExecutionListener@6f36c2f0]
2021-06-17_21-08-38 [main] INFO  c.c.p.p.ProcessPensionMicroserviceApplicationTests - Starting ProcessPensionMicroserviceApplicationTests using Java 1.8.0_191 on DESKTOP-O8QRH3N with PID 1048 (started by Parthik in C:\Users\Parthik\git\Pension-Management-System\ProcessPension-Microservice)
2021-06-17_21-08-38 [main] INFO  c.c.p.p.ProcessPensionMicroserviceApplicationTests - No active profile set, falling back to default profiles: default
2021-06-17_21-08-38 [background-preinit] INFO  o.h.validator.internal.util.Version - HV000001: Hibernate Validator 6.1.7.Final
2021-06-17_21-08-38 [main] INFO  o.s.cloud.context.scope.GenericScope - BeanFactory id=05deff47-476f-3f1c-8579-7bea4456e6dc
2021-06-17_21-08-38 [main] INFO  o.s.c.s.PostProcessorRegistrationDelegate$BeanPostProcessorChecker - Bean 'com.cts.pension.process.feignclient.AuthorisingClient' of type [org.springframework.cloud.openfeign.FeignClientFactoryBean] is not eligible for getting processed by all BeanPostProcessors (for example: not eligible for auto-proxying)
2021-06-17_21-08-38 [main] INFO  o.s.c.s.PostProcessorRegistrationDelegate$BeanPostProcessorChecker - Bean 'com.cts.pension.process.feignclient.PensionDisbursementFeignClient' of type [org.springframework.cloud.openfeign.FeignClientFactoryBean] is not eligible for getting processed by all BeanPostProcessors (for example: not eligible for auto-proxying)
2021-06-17_21-08-38 [main] INFO  o.s.c.s.PostProcessorRegistrationDelegate$BeanPostProcessorChecker - Bean 'com.cts.pension.process.feignclient.PensionerDetailFeignClient' of type [org.springframework.cloud.openfeign.FeignClientFactoryBean] is not eligible for getting processed by all BeanPostProcessors (for example: not eligible for auto-proxying)
2021-06-17_21-08-38 [main] INFO  o.s.s.c.ThreadPoolTaskExecutor - Initializing ExecutorService 'applicationTaskExecutor'
2021-06-17_21-08-38 [main] INFO  o.s.cloud.commons.util.InetUtils - Cannot determine local hostname
2021-06-17_21-08-38 [main] INFO  o.s.b.a.e.web.EndpointLinksResolver - Exposing 2 endpoint(s) beneath base path '/actuator'
2021-06-17_21-08-38 [main] INFO  c.c.p.p.ProcessPensionMicroserviceApplicationTests - Started ProcessPensionMicroserviceApplicationTests in 7.713 seconds (JVM running for 9.5)
2021-06-17_21-08-46 [main] INFO  c.c.p.p.ProcessPensionMicroserviceApplication - Starting ProcessPensionMicroserviceApplication using Java 1.8.0_191 on DESKTOP-O8QRH3N with PID 1048 (started by Parthik in C:\Users\Parthik\git\Pension-Management-System\ProcessPension-Microservice)
2021-06-17_21-08-46 [main] INFO  c.c.p.p.ProcessPensionMicroserviceApplication - No active profile set, falling back to default profiles: default
2021-06-17_21-08-46 [main] INFO  o.s.cloud.context.scope.GenericScope - BeanFactory id=a895a1a2-55a3-3fa8-be90-729cf50889cd
2021-06-17_21-08-46 [main] INFO  o.s.c.s.PostProcessorRegistrationDelegate$BeanPostProcessorChecker - Bean 'com.cts.pension.process.feignclient.AuthorisingClient' of type [org.springframework.cloud.openfeign.FeignClientFactoryBean] is not eligible for getting processed by all BeanPostProcessors (for example: not eligible for auto-proxying)
2021-06-17_21-08-46 [main] INFO  o.s.c.s.PostProcessorRegistrationDelegate$BeanPostProcessorChecker - Bean 'com.cts.pension.process.feignclient.PensionDisbursementFeignClient' of type [org.springframework.cloud.openfeign.FeignClientFactoryBean] is not eligible for getting processed by all BeanPostProcessors (for example: not eligible for auto-proxying)
2021-06-17_21-08-46 [main] INFO  o.s.c.s.PostProcessorRegistrationDelegate$BeanPostProcessorChecker - Bean 'com.cts.pension.process.feignclient.PensionerDetailFeignClient' of type [org.springframework.cloud.openfeign.FeignClientFactoryBean] is not eligible for getting processed by all BeanPostProcessors (for example: not eligible for auto-proxying)
2021-06-17_21-08-46 [main] INFO  o.s.b.w.e.tomcat.TomcatWebServer - Tomcat initialized with port(s): 8100 (http)
2021-06-17_21-08-46 [main] INFO  o.a.coyote.http11.Http11NioProtocol - Initializing ProtocolHandler ["http-nio-8100"]
2021-06-17_21-08-46 [main] INFO  o.a.catalina.core.StandardService - Starting service [Tomcat]
2021-06-17_21-08-46 [main] INFO  o.a.catalina.core.StandardEngine - Starting Servlet engine: [Apache Tomcat/9.0.41]
2021-06-17_21-08-46 [main] INFO  o.a.c.c.C.[Tomcat].[localhost].[/] - Initializing Spring embedded WebApplicationContext
2021-06-17_21-08-46 [main] INFO  o.s.b.w.s.c.ServletWebServerApplicationContext - Root WebApplicationContext: initialization completed in 1369 ms
2021-06-17_21-08-46 [main] INFO  o.s.s.c.ThreadPoolTaskExecutor - Initializing ExecutorService 'applicationTaskExecutor'
2021-06-17_21-08-46 [main] INFO  o.s.cloud.commons.util.InetUtils - Cannot determine local hostname
2021-06-17_21-08-46 [main] INFO  o.s.b.a.e.web.EndpointLinksResolver - Exposing 2 endpoint(s) beneath base path '/actuator'
2021-06-17_21-08-46 [main] INFO  o.a.coyote.http11.Http11NioProtocol - Starting ProtocolHandler ["http-nio-8100"]
2021-06-17_21-08-46 [main] INFO  o.s.b.w.e.tomcat.TomcatWebServer - Tomcat started on port(s): 8100 (http) with context path ''
2021-06-17_21-08-46 [main] INFO  o.s.cloud.commons.util.InetUtils - Cannot determine local hostname
2021-06-17_21-08-46 [main] INFO  c.c.p.p.ProcessPensionMicroserviceApplication - Started ProcessPensionMicroserviceApplication in 6.505 seconds (JVM running for 16.438)
2021-06-17_21-08-46 [SpringContextShutdownHook] INFO  o.s.s.c.ThreadPoolTaskExecutor - Shutting down ExecutorService 'applicationTaskExecutor'
2021-06-17_21-08-46 [SpringContextShutdownHook] INFO  o.s.s.c.ThreadPoolTaskExecutor - Shutting down ExecutorService 'applicationTaskExecutor'
2021-06-17_21-58-39 [background-preinit] INFO  o.h.validator.internal.util.Version - HV000001: Hibernate Validator 6.1.7.Final
2021-06-17_21-58-39 [restartedMain] INFO  c.c.p.p.ProcessPensionMicroserviceApplication - Starting ProcessPensionMicroserviceApplication using Java 1.8.0_191 on DESKTOP-O8QRH3N with PID 16268 (C:\Users\Parthik\git\Pension-Management-System\ProcessPension-Microservice\target\classes started by Parthik in C:\Users\Parthik\git\Pension-Management-System\ProcessPension-Microservice)
2021-06-17_21-58-39 [restartedMain] INFO  c.c.p.p.ProcessPensionMicroserviceApplication - No active profile set, falling back to default profiles: default
2021-06-17_21-58-39 [restartedMain] INFO  o.s.b.d.e.DevToolsPropertyDefaultsPostProcessor - Devtools property defaults active! Set 'spring.devtools.add-properties' to 'false' to disable
2021-06-17_21-58-39 [restartedMain] INFO  o.s.b.d.e.DevToolsPropertyDefaultsPostProcessor - For additional web related logging consider setting the 'logging.level.web' property to 'DEBUG'
2021-06-17_21-58-39 [restartedMain] INFO  o.s.cloud.context.scope.GenericScope - BeanFactory id=fd983dae-fd21-35c9-b25b-52b2bb0a3860
2021-06-17_21-58-39 [restartedMain] INFO  o.s.c.s.PostProcessorRegistrationDelegate$BeanPostProcessorChecker - Bean 'com.cts.pension.process.feignclient.AuthorisingClient' of type [org.springframework.cloud.openfeign.FeignClientFactoryBean] is not eligible for getting processed by all BeanPostProcessors (for example: not eligible for auto-proxying)
2021-06-17_21-58-39 [restartedMain] INFO  o.s.c.s.PostProcessorRegistrationDelegate$BeanPostProcessorChecker - Bean 'com.cts.pension.process.feignclient.PensionDisbursementFeignClient' of type [org.springframework.cloud.openfeign.FeignClientFactoryBean] is not eligible for getting processed by all BeanPostProcessors (for example: not eligible for auto-proxying)
2021-06-17_21-58-39 [restartedMain] INFO  o.s.c.s.PostProcessorRegistrationDelegate$BeanPostProcessorChecker - Bean 'com.cts.pension.process.feignclient.PensionerDetailFeignClient' of type [org.springframework.cloud.openfeign.FeignClientFactoryBean] is not eligible for getting processed by all BeanPostProcessors (for example: not eligible for auto-proxying)
2021-06-17_21-58-39 [restartedMain] INFO  o.s.b.w.e.tomcat.TomcatWebServer - Tomcat initialized with port(s): 8100 (http)
2021-06-17_21-58-39 [restartedMain] INFO  o.a.coyote.http11.Http11NioProtocol - Initializing ProtocolHandler ["http-nio-8100"]
2021-06-17_21-58-39 [restartedMain] INFO  o.a.catalina.core.StandardService - Starting service [Tomcat]
2021-06-17_21-58-39 [restartedMain] INFO  o.a.catalina.core.StandardEngine - Starting Servlet engine: [Apache Tomcat/9.0.41]
2021-06-17_21-58-39 [restartedMain] INFO  o.a.c.c.C.[Tomcat].[localhost].[/] - Initializing Spring embedded WebApplicationContext
2021-06-17_21-58-39 [restartedMain] INFO  o.s.b.w.s.c.ServletWebServerApplicationContext - Root WebApplicationContext: initialization completed in 17473 ms
2021-06-17_21-58-39 [restartedMain] INFO  o.s.s.c.ThreadPoolTaskExecutor - Initializing ExecutorService 'applicationTaskExecutor'
2021-06-17_21-58-39 [RMI TCP Connection(3)-127.0.0.1] INFO  o.a.c.c.C.[Tomcat].[localhost].[/] - Initializing Spring DispatcherServlet 'dispatcherServlet'
2021-06-17_21-58-39 [RMI TCP Connection(3)-127.0.0.1] INFO  o.s.web.servlet.DispatcherServlet - Initializing Servlet 'dispatcherServlet'
2021-06-17_21-58-39 [restartedMain] INFO  o.s.cloud.commons.util.InetUtils - Cannot determine local hostname
2021-06-17_21-58-39 [RMI TCP Connection(3)-127.0.0.1] INFO  o.s.b.a.e.web.EndpointLinksResolver - Exposing 2 endpoint(s) beneath base path '/actuator'
2021-06-17_21-58-39 [RMI TCP Connection(3)-127.0.0.1] INFO  o.s.web.servlet.DispatcherServlet - Completed initialization in 210 ms
2021-06-17_21-58-39 [restartedMain] INFO  o.a.coyote.http11.Http11NioProtocol - Starting ProtocolHandler ["http-nio-8100"]
2021-06-17_21-58-39 [restartedMain] INFO  o.s.b.w.e.tomcat.TomcatWebServer - Tomcat started on port(s): 8100 (http) with context path ''
2021-06-17_21-58-39 [restartedMain] INFO  o.s.cloud.commons.util.InetUtils - Cannot determine local hostname
2021-06-17_21-58-39 [restartedMain] INFO  c.c.p.p.ProcessPensionMicroserviceApplication - Started ProcessPensionMicroserviceApplication in 28.715 seconds (JVM running for 30.853)
2021-06-17_21-58-39 [RMI TCP Connection(44)-127.0.0.1] INFO  o.s.b.a.SpringApplicationAdminMXBeanRegistrar$SpringApplicationAdmin - Application shutdown requested.
2021-06-17_21-58-39 [RMI TCP Connection(44)-127.0.0.1] INFO  o.s.s.c.ThreadPoolTaskExecutor - Shutting down ExecutorService 'applicationTaskExecutor'
