2021-06-17_11-18-41 [restartedMain] INFO  c.c.a.AuthorizationMicroserviceApplication - Starting AuthorizationMicroserviceApplication using Java 1.8.0_191 on DESKTOP-O8QRH3N with PID 5288 (C:\Users\Parthik\eclipse-restapi-angular\Authorization-Microservice\target\classes started by Parthik in C:\Users\Parthik\eclipse-restapi-angular\Authorization-Microservice)
2021-06-17_11-18-41 [restartedMain] INFO  c.c.a.AuthorizationMicroserviceApplication - No active profile set, falling back to default profiles: default
2021-06-17_11-18-41 [restartedMain] INFO  o.s.d.r.c.RepositoryConfigurationDelegate - Bootstrapping Spring Data JPA repositories in DEFAULT mode.
2021-06-17_11-18-41 [restartedMain] INFO  o.s.d.r.c.RepositoryConfigurationDelegate - Finished Spring Data repository scanning in 521 ms. Found 1 JPA repository interfaces.
2021-06-17_11-18-41 [restartedMain] INFO  o.s.cloud.context.scope.GenericScope - BeanFactory id=9cfaff61-749d-3a21-a9ed-bc8d51a71c97
2021-06-17_11-18-41 [restartedMain] INFO  o.s.b.w.e.tomcat.TomcatWebServer - Tomcat initialized with port(s): 8400 (http)
2021-06-17_11-18-41 [restartedMain] INFO  o.a.catalina.core.StandardService - Starting service [Tomcat]
2021-06-17_11-18-41 [restartedMain] INFO  o.a.catalina.core.StandardEngine - Starting Servlet engine: [Apache Tomcat/9.0.41]
2021-06-17_11-18-41 [restartedMain] INFO  o.a.c.c.C.[.[localhost].[/auth] - Initializing Spring embedded WebApplicationContext
2021-06-17_11-18-41 [restartedMain] INFO  o.s.b.w.s.c.ServletWebServerApplicationContext - Root WebApplicationContext: initialization completed in 10624 ms
2021-06-17_11-18-41 [restartedMain] INFO  com.zaxxer.hikari.HikariDataSource - HikariPool-2 - Starting...
2021-06-17_11-18-41 [restartedMain] INFO  com.zaxxer.hikari.HikariDataSource - HikariPool-2 - Start completed.
2021-06-17_11-18-41 [restartedMain] INFO  o.s.b.a.h.H2ConsoleAutoConfiguration - H2 console available at '/db'. Database available at 'jdbc:h2:mem:testdb'
2021-06-17_11-18-41 [restartedMain] INFO  o.h.jpa.internal.util.LogHelper - HHH000204: Processing PersistenceUnitInfo [name: default]
2021-06-17_11-18-41 [restartedMain] INFO  org.hibernate.dialect.Dialect - HHH000400: Using dialect: org.hibernate.dialect.H2Dialect
2021-06-17_11-18-41 [restartedMain] INFO  o.h.e.t.j.p.i.JtaPlatformInitiator - HHH000490: Using JtaPlatform implementation: [org.hibernate.engine.transaction.jta.platform.internal.NoJtaPlatform]
2021-06-17_11-18-41 [restartedMain] INFO  o.s.o.j.LocalContainerEntityManagerFactoryBean - Initialized JPA EntityManagerFactory for persistence unit 'default'
2021-06-17_11-18-41 [restartedMain] INFO  o.s.b.d.a.OptionalLiveReloadServer - LiveReload server is running on port 35729
2021-06-17_11-18-41 [restartedMain] INFO  o.s.b.a.e.web.EndpointLinksResolver - Exposing 2 endpoint(s) beneath base path '/actuator'
2021-06-17_11-18-41 [restartedMain] INFO  s.d.s.w.PropertySourcedRequestMappingHandlerMapping - Mapped URL path [/v2/api-docs] onto method [springfox.documentation.swagger2.web.Swagger2Controller#getDocumentation(String, HttpServletRequest)]
2021-06-17_11-18-41 [restartedMain] INFO  o.s.s.web.DefaultSecurityFilterChain - Will secure any request with [org.springframework.security.web.context.request.async.WebAsyncManagerIntegrationFilter@7ebcd8c4, org.springframework.security.web.context.SecurityContextPersistenceFilter@6529ffb3, org.springframework.security.web.header.HeaderWriterFilter@5c210625, org.springframework.security.web.authentication.logout.LogoutFilter@5c14f429, com.cts.authorization.config.JwtRequestFilter@579c0e05, org.springframework.security.web.savedrequest.RequestCacheAwareFilter@4b080ec8, org.springframework.security.web.servletapi.SecurityContextHolderAwareRequestFilter@1f4c39a2, org.springframework.security.web.authentication.AnonymousAuthenticationFilter@606f91fe, org.springframework.security.web.session.SessionManagementFilter@1ed1447, org.springframework.security.web.access.ExceptionTranslationFilter@5a9e922c, org.springframework.security.web.access.intercept.FilterSecurityInterceptor@30f4e256]
2021-06-17_11-18-41 [restartedMain] INFO  o.s.s.c.ThreadPoolTaskExecutor - Initializing ExecutorService 'applicationTaskExecutor'
2021-06-17_11-18-41 [restartedMain] INFO  o.s.cloud.commons.util.InetUtils - Cannot determine local hostname
2021-06-17_11-18-41 [restartedMain] INFO  o.s.b.w.e.tomcat.TomcatWebServer - Tomcat started on port(s): 8400 (http) with context path '/auth'
2021-06-17_11-18-41 [restartedMain] INFO  o.s.cloud.commons.util.InetUtils - Cannot determine local hostname
2021-06-17_11-18-41 [restartedMain] INFO  s.d.s.w.p.DocumentationPluginsBootstrapper - Context refreshed
2021-06-17_11-18-41 [restartedMain] INFO  s.d.s.w.p.DocumentationPluginsBootstrapper - Found 1 custom documentation plugin(s)
2021-06-17_11-18-41 [restartedMain] INFO  s.d.s.w.s.ApiListingReferenceScanner - Scanning for api listing references
2021-06-17_11-18-41 [restartedMain] INFO  s.d.s.w.r.o.CachingOperationNameGenerator - Generating unique operation named: handleUsingGET_1
2021-06-17_11-18-41 [restartedMain] INFO  s.d.s.w.r.o.CachingOperationNameGenerator - Generating unique operation named: handleUsingGET_2
2021-06-17_11-18-41 [restartedMain] INFO  c.c.a.AuthorizationMicroserviceApplication - Started AuthorizationMicroserviceApplication in 17.625 seconds (JVM running for 4809.336)
2021-06-17_11-18-41 [restartedMain] INFO  o.s.b.d.a.ConditionEvaluationDeltaLoggingListener - Condition evaluation unchanged
